2025-09-07T07:03:52.147273Z	Cloning repository...
2025-09-07T07:03:55.510968Z	From https://github.com/alexito04543/EliteCars
2025-09-07T07:03:55.511697Z	 * branch            56796beec25b899b5de7ed9018b64c9ce3c2ce4c -> FETCH_HEAD
2025-09-07T07:03:55.511841Z	
2025-09-07T07:03:56.334201Z	HEAD is now at 56796be Fix syntax error in nuevos-lanzamientos page
2025-09-07T07:03:56.334638Z	
2025-09-07T07:03:56.418473Z	
2025-09-07T07:03:56.419252Z	Using v2 root directory strategy
2025-09-07T07:03:56.441695Z	Success: Finished cloning repository files
2025-09-07T07:03:58.196265Z	Checking for configuration in a Wrangler configuration file (BETA)
2025-09-07T07:03:58.197007Z	
2025-09-07T07:03:59.301441Z	No wrangler.toml file found. Continuing.
2025-09-07T07:03:59.370334Z	Detected the following tools from environment: npm@10.9.2, nodejs@22.16.0
2025-09-07T07:03:59.371262Z	Installing project dependencies: npm clean-install --progress=false
2025-09-07T07:04:02.277653Z	npm warn deprecated rimraf@3.0.2: Rimraf versions prior to v4 are no longer supported
2025-09-07T07:04:02.693256Z	npm warn deprecated inflight@1.0.6: This module is not supported, and leaks memory. Do not use it. Check out lru-cache if you want a good and tested way to coalesce async requests by a key value, which is much more comprehensive and powerful.
2025-09-07T07:04:03.372975Z	npm warn deprecated @humanwhocodes/object-schema@2.0.3: Use @eslint/object-schema instead
2025-09-07T07:04:03.424952Z	npm warn deprecated @humanwhocodes/config-array@0.13.0: Use @eslint/config-array instead
2025-09-07T07:04:03.528633Z	npm warn deprecated glob@7.2.3: Glob versions prior to v9 are no longer supported
2025-09-07T07:04:04.975165Z	npm warn deprecated eslint@8.57.1: This version is no longer supported. Please see https://eslint.org/version-support for other options.
2025-09-07T07:04:11.311114Z	
2025-09-07T07:04:11.311408Z	added 384 packages, and audited 385 packages in 11s
2025-09-07T07:04:11.311598Z	
2025-09-07T07:04:11.311681Z	147 packages are looking for funding
2025-09-07T07:04:11.311741Z	  run `npm fund` for details
2025-09-07T07:04:11.371593Z	
2025-09-07T07:04:11.371931Z	1 critical severity vulnerability
2025-09-07T07:04:11.372177Z	
2025-09-07T07:04:11.372333Z	To address all issues, run:
2025-09-07T07:04:11.372479Z	  npm audit fix --force
2025-09-07T07:04:11.372624Z	
2025-09-07T07:04:11.37274Z	Run `npm audit` for details.
2025-09-07T07:04:11.402355Z	Executing user command: npx @cloudflare/next-on-pages@1
2025-09-07T07:04:12.639433Z	npm warn exec The following package was not found and will be installed: @cloudflare/next-on-pages@1.13.16
2025-09-07T07:04:25.572736Z	npm warn deprecated path-match@1.2.4: This package is archived and no longer maintained. For support, visit https://github.com/expressjs/express/discussions
2025-09-07T07:04:26.954628Z	npm warn deprecated @cloudflare/next-on-pages@1.13.16: Package no longer supported. Contact Support at https://www.npmjs.com/support for more info.
2025-09-07T07:04:35.402837Z	⚡️ @cloudflare/next-on-pages CLI v.1.13.16
2025-09-07T07:04:35.5878Z	⚡️ Detected Package Manager: npm (10.9.2)
2025-09-07T07:04:35.588437Z	⚡️ Preparing project...
2025-09-07T07:04:35.591133Z	⚡️ Project is ready
2025-09-07T07:04:35.591356Z	⚡️ Building project...
2025-09-07T07:04:36.403062Z	▲  npm warn exec The following package was not found and will be installed: vercel@47.0.5
2025-09-07T07:04:39.019982Z	▲  npm warn deprecated path-match@1.2.4: This package is archived and no longer maintained. For support, visit https://github.com/expressjs/express/discussions
2025-09-07T07:04:40.722823Z	▲  Vercel CLI 47.0.5
2025-09-07T07:04:40.727398Z	▲  > NOTE: The Vercel CLI now collects telemetry regarding usage of the CLI.
2025-09-07T07:04:40.728356Z	▲  > This information is used to shape the CLI roadmap and prioritize features.
2025-09-07T07:04:40.728721Z	▲  > You can learn more, including how to opt-out if you'd not like to participate in this program, by visiting the following URL:
2025-09-07T07:04:40.729149Z	▲  > https://vercel.com/docs/cli/about-telemetry
2025-09-07T07:04:40.841677Z	▲  WARN! Build not running on Vercel. System environment variables will not be available.
2025-09-07T07:04:41.050149Z	▲  Installing dependencies...
2025-09-07T07:04:42.056292Z	▲  up to date in 862ms
2025-09-07T07:04:42.056631Z	▲  147 packages are looking for funding
2025-09-07T07:04:42.056798Z	▲  run `npm fund` for details
2025-09-07T07:04:42.06597Z	▲  Detected Next.js version: 14.2.8
2025-09-07T07:04:42.070523Z	▲  Running "npm run build"
2025-09-07T07:04:42.26951Z	▲  > sports-car-showcase@0.1.0 build
2025-09-07T07:04:42.269848Z	▲  > next build
2025-09-07T07:04:42.952224Z	▲  Attention: Next.js now collects completely anonymous telemetry regarding usage.
2025-09-07T07:04:42.952535Z	▲  This information is used to shape Next.js' roadmap and prioritize features.
2025-09-07T07:04:42.952689Z	▲  You can learn more, including how to opt-out if you'd not like to participate in this anonymous program, by visiting the following URL:
2025-09-07T07:04:42.952839Z	▲  https://nextjs.org/telemetry
2025-09-07T07:04:43.013776Z	▲  ▲ Next.js 14.2.8
2025-09-07T07:04:43.014126Z	▲  
2025-09-07T07:04:43.073373Z	▲  Creating an optimized production build ...
2025-09-07T07:04:47.950197Z	▲  Failed to compile.
2025-09-07T07:04:47.950572Z	▲  ./src/components/ui/LuxuryCarCollection.tsx
2025-09-07T07:04:47.950718Z	▲  Error: 
2025-09-07T07:04:47.950826Z	▲   [31mx[0m Unexpected token `section`. Expected jsx identifier
2025-09-07T07:04:47.950922Z	▲      ,-[[36;1;4m/opt/buildhome/repo/src/components/ui/LuxuryCarCollection.tsx[0m:110:1]
2025-09-07T07:04:47.951091Z	▲  [2m110[0m |   };
2025-09-07T07:04:47.951478Z	▲  [2m111[0m | 
2025-09-07T07:04:47.951595Z	▲  [2m112[0m |   return (
2025-09-07T07:04:47.951822Z	▲  [2m113[0m |     <section className="relative min-h-screen bg-gradient-to-br from-black via-gray-900 to-blue-900/20 py-20 px-4">
2025-09-07T07:04:47.951976Z	▲      : [31;1m     ^^^^^^^[0m
2025-09-07T07:04:47.952092Z	▲  [2m114[0m |       {/* Background Pattern */}
2025-09-07T07:04:47.95242Z	▲  [2m115[0m |       <div className="absolute inset-0 opacity-5">
2025-09-07T07:04:47.952518Z	▲  [2m116[0m |         <div className="absolute inset-0 bg-gradient-to-r from-red-500/10 via-orange-500/10 to-yellow-500/10" />
2025-09-07T07:04:47.952935Z	▲      `----
2025-09-07T07:04:47.953056Z	▲  
2025-09-07T07:04:47.953122Z	▲  Caused by:
2025-09-07T07:04:47.95322Z	▲     Syntax Error
2025-09-07T07:04:47.953562Z	▲  
2025-09-07T07:04:47.95367Z	▲  Import trace for requested module:
2025-09-07T07:04:47.954079Z	▲  ./src/components/ui/LuxuryCarCollection.tsx
2025-09-07T07:04:47.954166Z	▲  ./src/app/page.tsx
2025-09-07T07:04:47.954261Z	▲  
2025-09-07T07:04:47.954419Z	▲  ./src/app/nuevos-lanzamientos/page.tsx
2025-09-07T07:04:47.954565Z	▲  Error: 
2025-09-07T07:04:47.954734Z	▲   [31mx[0m Unexpected token `div`. Expected jsx identifier
2025-09-07T07:04:47.955013Z	▲      ,-[[36;1;4m/opt/buildhome/repo/src/app/nuevos-lanzamientos/page.tsx[0m:314:1]
2025-09-07T07:04:47.955146Z	▲  [2m314[0m |   };
2025-09-07T07:04:47.955267Z	▲  [2m315[0m | 
2025-09-07T07:04:47.955418Z	▲  [2m316[0m |   return (
2025-09-07T07:04:47.955541Z	▲  [2m317[0m |     <div className="min-h-screen bg-gradient-to-br from-black via-gray-900 to-blue-900/20">
2025-09-07T07:04:47.955667Z	▲      : [31;1m     ^^^[0m
2025-09-07T07:04:47.955793Z	▲  [2m318[0m |       <ClientNavbar />
2025-09-07T07:04:47.95592Z	▲  [2m319[0m |       
2025-09-07T07:04:47.956052Z	▲  [2m320[0m |       {/* Hero Section with Horizontal Car Cards */}
2025-09-07T07:04:47.956169Z	▲      `----
2025-09-07T07:04:47.956281Z	▲  
2025-09-07T07:04:47.956419Z	▲  Caused by:
2025-09-07T07:04:47.956528Z	▲     Syntax Error
2025-09-07T07:04:47.956638Z	▲  
2025-09-07T07:04:47.956739Z	▲  Import trace for requested module:
2025-09-07T07:04:47.956843Z	▲  ./src/app/nuevos-lanzamientos/page.tsx
2025-09-07T07:04:47.974421Z	▲  
2025-09-07T07:04:47.974661Z	▲  > Build failed because of webpack errors
2025-09-07T07:04:47.998956Z	▲  Error: Command "npm run build" exited with 1
2025-09-07T07:04:48.142041Z	
2025-09-07T07:04:48.142403Z	⚡️ The Vercel build (`npx vercel build`) command failed. For more details see the Vercel logs above.
2025-09-07T07:04:48.142546Z	⚡️ If you need help solving the issue, refer to the Vercel or Next.js documentation or their repositories.
2025-09-07T07:04:48.142681Z	
2025-09-07T07:04:48.17293Z	Failed: Error while executing user command. Exited with error code: 1
2025-09-07T07:04:48.183596Z	Failed: build command exited with code: 1
2025-09-07T07:04:49.440475Z	Failed: error occurred while running build command